<?xml version="1.0" encoding="UTF-8"?>
<!-- Generated by org.testng.reporters.JUnitReportReporter -->
<testsuite hostname="Arunkumar" failures="0" tests="10" name="com.vtiger.testcases.OrgAccCreateTest" time="215.716" errors="0" timestamp="2021-11-10T21:14:17 IST" skipped="0">
  <testcase classname="com.vtiger.testcases.OrgAccCreateTest" name="orgAccCreateTest" time="22.795"/>
  <system-out/>
  <testcase classname="com.vtiger.testcases.OrgAccCreateTest" name="orgAccCreateTest" time="21.911"/>
  <system-out/>
  <testcase classname="com.vtiger.testcases.OrgAccCreateTest" name="orgAccCreateTest" time="20.584"/>
  <system-out/>
  <testcase classname="com.vtiger.testcases.OrgAccCreateTest" name="orgAccCreateTest" time="21.763"/>
  <system-out/>
  <testcase classname="com.vtiger.testcases.OrgAccCreateTest" name="orgAccCreateTest" time="21.725"/>
  <system-out/>
  <testcase classname="com.vtiger.testcases.OrgAccCreateTest" name="orgAccCreateTest" time="21.235"/>
  <system-out/>
  <testcase classname="com.vtiger.testcases.OrgAccCreateTest" name="orgAccCreateTest" time="21.399"/>
  <system-out/>
  <testcase classname="com.vtiger.testcases.OrgAccCreateTest" name="orgAccCreateTest" time="21.059"/>
  <system-out/>
  <testcase classname="com.vtiger.testcases.OrgAccCreateTest" name="orgAccCreateTest" time="21.636"/>
  <system-out/>
  <testcase classname="com.vtiger.testcases.OrgAccCreateTest" name="orgAccCreateTest" time="21.609"/>
  <system-out/>
</testsuite> <!-- com.vtiger.testcases.OrgAccCreateTest -->
