<?xml version="1.0" encoding="UTF-8"?>
<!-- Generated by org.testng.reporters.JUnitReportReporter -->
<testsuite hostname="Arunkumar" failures="0" tests="1" name="DDT.practice.ReadParameterFromXMLFileTest" time="0.010" errors="0" timestamp="2021-11-07T19:29:57 IST" skipped="0">
  <testcase classname="DDT.practice.ReadParameterFromXMLFileTest" name="readParamFromXML2Test" time="0.010"/>
  <system-out>
    <![CDATA[url is ---http://localhost:8888
username is --- admin
password is --- admin]]>
  </system-out>
</testsuite> <!-- DDT.practice.ReadParameterFromXMLFileTest -->
