<?xml version="1.0" encoding="UTF-8"?>
<!-- Generated by org.testng.reporters.JUnitReportReporter -->
<testsuite hostname="Arunkumar" failures="0" tests="1" name="JDBC.practice.ExecuteQuery" time="0.209" errors="0" timestamp="2021-11-05T10:45:08 IST" skipped="0">
  <testcase classname="JDBC.practice.ExecuteQuery" name="executeQueryTest" time="0.209"/>
  <system-out/>
</testsuite> <!-- JDBC.practice.ExecuteQuery -->
