<?xml version="1.0" encoding="UTF-8"?>
<!-- Generated by org.testng.reporters.JUnitReportReporter -->
<testsuite hostname="Arunkumar" failures="0" tests="1" name="DDT.practice.ReadTheDataFromPropertiesFileTest" time="0.009" errors="0" timestamp="26 Oct 2021 07:55:53 GMT" skipped="0">
  <testcase classname="DDT.practice.ReadTheDataFromPropertiesFileTest" name="readDataFromPropFileTest" time="0.009"/>
</testsuite> <!-- DDT.practice.ReadTheDataFromPropertiesFileTest -->
