<?xml version="1.0" encoding="UTF-8"?>
<!-- Generated by org.testng.reporters.JUnitReportReporter -->
<testsuite hostname="Arunkumar" failures="0" tests="1" name="com.practice.IccCricketTest" time="59.842" errors="0" timestamp="2021-11-12T10:04:04 IST" skipped="0">
  <testcase classname="com.practice.IccCricketTest" name="iccCricketTest" time="59.842"/>
  <system-out/>
</testsuite> <!-- com.practice.IccCricketTest -->
