<?xml version="1.0" encoding="UTF-8"?>
<!-- Generated by org.testng.reporters.JUnitReportReporter -->
<testsuite hostname="Arunkumar" failures="0" tests="1" name="TestNG.practice.SampleTest" time="0.005" errors="0" timestamp="2021-11-05T12:53:04 IST" skipped="0">
  <testcase classname="TestNG.practice.SampleTest" name="CreateOrg" time="0.005"/>
  <system-out/>
</testsuite> <!-- TestNG.practice.SampleTest -->
