<?xml version="1.0" encoding="UTF-8"?>
<!-- Generated by org.testng.reporters.JUnitReportReporter -->
<testsuite hostname="Arunkumar" failures="0" tests="1" name="com.practice.LensKartTest" time="36.343" errors="0" timestamp="2021-11-12T10:40:31 IST" skipped="0">
  <testcase classname="com.practice.LensKartTest" name="lensKartTest" time="36.343"/>
  <system-out/>
</testsuite> <!-- com.practice.LensKartTest -->
