<?xml version="1.0" encoding="UTF-8"?>
<!-- Generated by org.testng.reporters.JUnitReportReporter -->
<testsuite hostname="Arunkumar" failures="0" tests="1" name="DDT.practice.ReadTheDataFromJSONFileTest" time="0.007" errors="0" timestamp="2021-11-07T19:31:53 IST" skipped="0">
  <testcase classname="DDT.practice.ReadTheDataFromJSONFileTest" name="readParamFromXML2Test" time="0.007"/>
  <system-out>
    <![CDATA[url is ---http://localhost:8888
username is --- param-val-not-found
password is --- param-val-not-found]]>
  </system-out>
</testsuite> <!-- DDT.practice.ReadTheDataFromJSONFileTest -->
