<?xml version="1.0" encoding="UTF-8"?>
<!-- Generated by org.testng.reporters.JUnitReportReporter -->
<testsuite hostname="Arunkumar" failures="0" tests="1" name="JDBC.practice.ExecuteUpdate" time="0.265" errors="0" timestamp="2021-11-07T11:31:17 IST" skipped="0">
  <testcase classname="JDBC.practice.ExecuteUpdate" name="executeUpdate" time="0.265"/>
  <system-out/>
</testsuite> <!-- JDBC.practice.ExecuteUpdate -->
