<?xml version="1.0" encoding="UTF-8"?>
<!-- Generated by org.testng.reporters.JUnitReportReporter -->
<testsuite hostname="Arunkumar" failures="0" tests="1" name="JDBC.practice.ExecuteQuery1" time="0.206" errors="0" timestamp="2021-11-05T10:42:15 IST" skipped="0">
  <testcase classname="JDBC.practice.ExecuteQuery1" name="executeQuery1" time="0.206"/>
  <system-out/>
</testsuite> <!-- JDBC.practice.ExecuteQuery1 -->
