<?xml version="1.0" encoding="UTF-8"?>
<!-- Generated by org.testng.reporters.JUnitReportReporter -->
<testsuite hostname="Arunkumar" failures="0" tests="1" name="DDT.practice.CreateUserTest" time="0.010" errors="0" timestamp="2021-11-04T19:41:54 IST" skipped="0">
  <testcase classname="DDT.practice.CreateUserTest" name="createUserTest" time="0.010"/>
  <system-out/>
</testsuite> <!-- DDT.practice.CreateUserTest -->
