<?xml version="1.0" encoding="UTF-8"?>
<!-- Generated by org.testng.reporters.JUnitReportReporter -->
<testsuite hostname="Arunkumar" failures="0" tests="1" name="JDBC.practice.ExecuteUpdate1" time="0.188" errors="0" timestamp="2021-11-05T11:33:44 IST" skipped="0">
  <testcase classname="JDBC.practice.ExecuteUpdate1" name="executeUpdate1" time="0.188"/>
  <system-out/>
</testsuite> <!-- JDBC.practice.ExecuteUpdate1 -->
