<?xml version="1.0" encoding="UTF-8"?>
<!-- Generated by org.testng.reporters.JUnitReportReporter -->
<testsuite hostname="Arunkumar" failures="0" tests="1" name="com.mytiger.testcases.Lead_Tc_16" time="24.926" errors="0" timestamp="2021-11-12T08:12:09 IST" skipped="0">
  <testcase classname="com.mytiger.testcases.Lead_Tc_16" name="newLeadInvalidMail" time="24.926"/>
  <system-out>
    <![CDATA[home is displayed]]>
  </system-out>
</testsuite> <!-- com.mytiger.testcases.Lead_Tc_16 -->
