<?xml version="1.0" encoding="UTF-8"?>
<!-- Generated by org.testng.reporters.JUnitReportReporter -->
<testsuite hostname="Arunkumar" failures="0" tests="1" name="com.practice.Olympicsmedals" time="11.992" errors="0" timestamp="2021-11-11T15:49:17 IST" skipped="0">
  <testcase classname="com.practice.Olympicsmedals" name="olympicsmedals" time="11.992"/>
  <system-out/>
</testsuite> <!-- com.practice.Olympicsmedals -->
