<?xml version="1.0" encoding="UTF-8"?>
<!-- Generated by org.testng.reporters.JUnitReportReporter -->
<testsuite hostname="Arunkumar" failures="0" tests="3" name="TestNG.practice.DataProvider1Test" time="0.010" errors="0" timestamp="2021-11-06T15:25:12 IST" skipped="0">
  <testcase classname="TestNG.practice.DataProvider1Test" name="accountDetails" time="0.001"/>
  <system-out>
    <![CDATA[This Acc_2 has balance amount of -- 234852540]]>
  </system-out>
  <testcase classname="TestNG.practice.DataProvider1Test" name="accountDetails" time="0.002"/>
  <system-out>
    <![CDATA[This Acc_3 has balance amount of -- 2348]]>
  </system-out>
  <testcase classname="TestNG.practice.DataProvider1Test" name="accountDetails" time="0.007"/>
  <system-out>
    <![CDATA[This Acc_1 has balance amount of -- 23485]]>
  </system-out>
</testsuite> <!-- TestNG.practice.DataProvider1Test -->
