<?xml version="1.0" encoding="UTF-8"?>
<!-- Generated by org.testng.reporters.JUnitReportReporter -->
<testsuite hostname="Arunkumar" failures="0" tests="1" name="com.practice.TableHandlingTest" time="8.090" errors="0" timestamp="2021-11-12T10:44:49 IST" skipped="0">
  <testcase classname="com.practice.TableHandlingTest" name="tableHandlingTest" time="8.090"/>
  <system-out/>
</testsuite> <!-- com.practice.TableHandlingTest -->
