<?xml version="1.0" encoding="UTF-8"?>
<!-- Generated by org.testng.reporters.JUnitReportReporter -->
<testsuite hostname="Arunkumar" failures="0" tests="1" name="com.practice.MaxPriceFromExcel" time="0.395" errors="0" timestamp="2021-11-11T12:34:02 IST" skipped="0">
  <testcase classname="com.practice.MaxPriceFromExcel" name="maxPriceFromExcel" time="0.395"/>
  <system-out/>
</testsuite> <!-- com.practice.MaxPriceFromExcel -->
