<?xml version="1.0" encoding="UTF-8"?>
<!-- Generated by org.testng.reporters.JUnitReportReporter -->
<testsuite hostname="Arunkumar" failures="0" tests="3" name="TestNG.practice.DataProviderTest" time="0.012" errors="0" timestamp="2021-11-09T12:22:43 IST" skipped="0">
  <testcase classname="TestNG.practice.DataProviderTest" name="getData" time="0.001"/>
  <system-out>
    <![CDATA[Name of Account Holder :ACC_2 Balance :4573.0]]>
  </system-out>
  <testcase classname="TestNG.practice.DataProviderTest" name="getData" time="0.009"/>
  <system-out>
    <![CDATA[Name of Account Holder :ACC_1 Balance :7568.0]]>
  </system-out>
  <testcase classname="TestNG.practice.DataProviderTest" name="getData" time="0.002"/>
  <system-out>
    <![CDATA[Name of Account Holder :ACC_3 Balance :8624.0]]>
  </system-out>
</testsuite> <!-- TestNG.practice.DataProviderTest -->
