<?xml version="1.0" encoding="UTF-8"?>
<!-- Generated by org.testng.reporters.JUnitReportReporter -->
<testsuite hostname="Arunkumar" failures="0" tests="4" name="com.vtiger.testcases.CheckPriority" time="0.011" errors="0" timestamp="2021-11-01T16:59:35 IST" skipped="0">
  <testcase classname="com.vtiger.testcases.CheckPriority" name="promo" time="0.007"/>
  <system-out/>
  <testcase classname="com.vtiger.testcases.CheckPriority" name="remo" time="0.001"/>
  <system-out/>
  <testcase classname="com.vtiger.testcases.CheckPriority" name="sumo" time="0.001"/>
  <system-out/>
  <testcase classname="com.vtiger.testcases.CheckPriority" name="demo" time="0.002"/>
  <system-out/>
</testsuite> <!-- com.vtiger.testcases.CheckPriority -->
