<?xml version="1.0" encoding="UTF-8"?>
<!-- Generated by org.testng.reporters.JUnitReportReporter -->
<testsuite hostname="Arunkumar" failures="0" tests="1" name="com.mytiger.testcases.Tc_16" time="8.074" errors="0" timestamp="2021-10-30T10:54:27 IST" skipped="0">
  <testcase classname="com.mytiger.testcases.Tc_16" name="newLeadInvalidMail" time="8.074"/>
  <system-out/>
</testsuite> <!-- com.mytiger.testcases.Tc_16 -->
